生成启动时间为 2020/4/21 10:06:24。
     1>项目“D:\c++实验\文件加密管理工具\文件加密管理工具\文件加密管理工具.vcxproj”在节点 2 上(Build 个目标)。
     1>ClCompile:
         C:\Program Files (x86)\Microsoft Visual Studio 12.0\VC\bin\CL.exe /c /ID:\boost_1_58_0 /ID:\boost_1_58_0\boost /nologo /W3 /WX- /sdl /Od /Oy- /D _UNICODE /D UNICODE /Gm /EHsc /RTC1 /MDd /GS /fp:precise /Zc:wchar_t /Zc:forScope /Fo"Debug\\" /Fd"Debug\vc120.pdb" /Gd /TP /analyze- /errorReport:prompt RSA.cpp main.cpp
     1>cl : 命令行 warning D9007: “/Gm”需要“/Zi 或 /ZI”；选项被忽略
         RSA.cpp
     1>RSA.cpp(23): warning C4244: “初始化”: 从“std::streamsize”转换到“int”，可能丢失数据
     1>RSA.cpp(49): warning C4244: “初始化”: 从“std::streamsize”转换到“int”，可能丢失数据
     1>RSA.cpp(99): warning C4244: “参数”: 从“time_t”转换到“unsigned int”，可能丢失数据
     1>RSA.cpp(139): warning C4244: “参数”: 从“time_t”转换到“unsigned int”，可能丢失数据
     1>C:\Program Files (x86)\Microsoft Visual Studio 12.0\VC\include\xutility(2715): error C4996: 'std::_Fill_n': Function call with parameters that may be unsafe - this call relies on the caller to check that the passed values are correct. To disable this warning, use -D_SCL_SECURE_NO_WARNINGS. See documentation on how to use Visual C++ 'Checked Iterators'
                 C:\Program Files (x86)\Microsoft Visual Studio 12.0\VC\include\xutility(2701) : 参见“std::_Fill_n”的声明
                 D:\boost_1_58_0\boost/random/detail/polynomial.hpp(114): 参见对正在编译的函数 模板 实例化“_OutIt std::fill_n<boost::random::detail::polynomial_ops::digit_t*,size_t,boost::random::detail::polynomial_ops::digit_t>(_OutIt,_Diff,const _Ty &)”的引用
                 with
                 [
                     _OutIt=boost::random::detail::polynomial_ops::digit_t *
         ,            _Diff=size_t
         ,            _Ty=boost::random::detail::polynomial_ops::digit_t
                 ]
         main.cpp
     1>main.cpp(171): warning C4244: “=”: 从“long”转换到“char”，可能丢失数据
     1>main.cpp(177): warning C4244: “参数”: 从“time_t”转换到“const uint32_t”，可能丢失数据
     1>C:\Program Files (x86)\Microsoft Visual Studio 12.0\VC\include\xutility(2715): error C4996: 'std::_Fill_n': Function call with parameters that may be unsafe - this call relies on the caller to check that the passed values are correct. To disable this warning, use -D_SCL_SECURE_NO_WARNINGS. See documentation on how to use Visual C++ 'Checked Iterators'
                 C:\Program Files (x86)\Microsoft Visual Studio 12.0\VC\include\xutility(2701) : 参见“std::_Fill_n”的声明
                 D:\boost_1_58_0\boost/random/detail/polynomial.hpp(114): 参见对正在编译的函数 模板 实例化“_OutIt std::fill_n<boost::random::detail::polynomial_ops::digit_t*,size_t,boost::random::detail::polynomial_ops::digit_t>(_OutIt,_Diff,const _Ty &)”的引用
                 with
                 [
                     _OutIt=boost::random::detail::polynomial_ops::digit_t *
         ,            _Diff=size_t
         ,            _Ty=boost::random::detail::polynomial_ops::digit_t
                 ]
         正在生成代码...
     1>已完成生成项目“D:\c++实验\文件加密管理工具\文件加密管理工具\文件加密管理工具.vcxproj”(Build 个目标)的操作 - 失败。

生成失败。

已用时间 00:00:05.39
