生成启动时间为 2020/8/27 15:23:22。
     1>项目“D:\c++实验\11.18二叉搜索树\11.18二叉搜索树\11.18二叉搜索树.vcxproj”在节点 2 上(Build 个目标)。
     1>ClCompile:
         C:\Program Files (x86)\Microsoft Visual Studio 12.0\VC\bin\CL.exe /c /ZI /nologo /W3 /WX- /sdl /Od /Oy- /D _UNICODE /D UNICODE /Gm /EHsc /RTC1 /MDd /GS /fp:precise /Zc:wchar_t /Zc:forScope /Fo"Debug\\" /Fd"Debug\vc120.pdb" /Gd /TP /analyze- /errorReport:prompt main.cpp
         main.cpp
     1>d:\c++实验\11.18二叉搜索树\11.18二叉搜索树\binarysorttree.h(127): warning C4067: 预处理器指令后有意外标记 - 应输入换行符
     1>d:\c++实验\11.18二叉搜索树\11.18二叉搜索树\binarysorttree.h(172): error C2181: 没有匹配 if 的非法 else
                 d:\c++实验\11.18二叉搜索树\11.18二叉搜索树\binarysorttree.h(95): 编译类 模板 成员函数“bool pz::BinarySortTree<int>::erase(const T &)”时
                 with
                 [
                     T=int
                 ]
                 d:\c++实验\11.18二叉搜索树\11.18二叉搜索树\main.cpp(20): 参见对正在编译的函数 模板 实例化“bool pz::BinarySortTree<int>::erase(const T &)”的引用
                 with
                 [
                     T=int
                 ]
                 d:\c++实验\11.18二叉搜索树\11.18二叉搜索树\main.cpp(7): 参见对正在编译的类 模板 实例化“pz::BinarySortTree<int>”的引用
     1>已完成生成项目“D:\c++实验\11.18二叉搜索树\11.18二叉搜索树\11.18二叉搜索树.vcxproj”(Build 个目标)的操作 - 失败。

生成失败。

已用时间 00:00:01.20
