生成启动时间为 2020/4/28 9:54:07。
     1>项目“D:\c++实验\文件加密管理工具1\文件加密管理工具\文件加密管理工具.vcxproj”在节点 2 上(Build 个目标)。
     1>ClCompile:
         C:\Program Files (x86)\Microsoft Visual Studio 12.0\VC\bin\CL.exe /c /ID:\boost_1_58_0 /ID:\boost_1_58_0\boost /nologo /W3 /WX- /sdl /Od /Oy- /D _SCL_SECURE_NO_WARNINGS /D _UNICODE /D UNICODE /Gm /EHsc /RTC1 /MDd /GS /fp:precise /Zc:wchar_t /Zc:forScope /Fo"Debug\\" /Fd"Debug\vc120.pdb" /Gd /TP /analyze- /errorReport:prompt RSA.cpp main.cpp
     1>cl : 命令行 warning D9007: “/Gm”需要“/Zi 或 /ZI”；选项被忽略
         RSA.cpp
     1>RSA.cpp(23): warning C4244: “初始化”: 从“std::streamsize”转换到“int”，可能丢失数据
     1>RSA.cpp(49): warning C4244: “初始化”: 从“std::streamsize”转换到“int”，可能丢失数据
     1>RSA.cpp(110): warning C4244: “参数”: 从“time_t”转换到“const uint32_t”，可能丢失数据
     1>RSA.cpp(147): warning C4244: “参数”: 从“time_t”转换到“const uint32_t”，可能丢失数据
     1>RSA.cpp(171): warning C4244: “参数”: 从“time_t”转换到“const uint32_t”，可能丢失数据
         main.cpp
     1>main.cpp(172): warning C4244: “=”: 从“long”转换到“char”，可能丢失数据
     1>main.cpp(178): warning C4244: “参数”: 从“time_t”转换到“const uint32_t”，可能丢失数据
         正在生成代码...
       Link:
         C:\Program Files (x86)\Microsoft Visual Studio 12.0\VC\bin\link.exe /ERRORREPORT:PROMPT /OUT:"D:\c++实验\文件加密管理工具1\Debug\文件加密管理工具.exe" /INCREMENTAL /NOLOGO kernel32.lib user32.lib gdi32.lib winspool.lib comdlg32.lib advapi32.lib shell32.lib ole32.lib oleaut32.lib uuid.lib odbc32.lib odbccp32.lib /MANIFEST /MANIFESTUAC:"level='asInvoker' uiAccess='false'" /manifest:embed /DEBUG /PDB:"D:\c++实验\文件加密管理工具1\Debug\文件加密管理工具.pdb" /TLBID:1 /DYNAMICBASE /NXCOMPAT /IMPLIB:"D:\c++实验\文件加密管理工具1\Debug\文件加密管理工具.lib" /MACHINE:X86 Debug\BigInt.obj
         Debug\main.obj
         Debug\RSA.obj
         文件加密管理工具.vcxproj -> D:\c++实验\文件加密管理工具1\Debug\文件加密管理工具.exe
     1>已完成生成项目“D:\c++实验\文件加密管理工具1\文件加密管理工具\文件加密管理工具.vcxproj”(Build 个目标)的操作。

生成成功。

已用时间 00:00:06.52
